<?xml version="1.0" encoding="UTF-8"?>
<!-- Generated by org.testng.reporters.JUnitXMLReporter -->
<testsuite ignored="2" hostname="SarthakDell" failures="0" tests="1" name="Default test" time="6.902" errors="0" timestamp="2023-11-18T15:49:18 EST">
  <testcase classname="com.tutorialsninja.qa.TestCases.SearchProductTest" name="verifySearchWithNoProduct" time="1.257"/>
  <testcase classname="com.tutorialsninja.qa.TestCases.SearchProductTest" name="verifySearchWithInvalidProduct" time="0.0">
    <ignored/>
  </testcase> <!-- verifySearchWithInvalidProduct -->
  <testcase classname="com.tutorialsninja.qa.TestCases.SearchProductTest" name="verifySearchWithValidProduct" time="0.0">
    <ignored/>
  </testcase> <!-- verifySearchWithValidProduct -->
</testsuite> <!-- Default test -->
