<?xml version="1.0" encoding="UTF-8"?>
<!-- Generated by org.testng.reporters.JUnitXMLReporter -->
<testsuite ignored="0" hostname="SarthakDell" failures="0" tests="21" name="Test" time="178.551" errors="0" timestamp="2023-11-18T13:12:51 EST">
  <testcase classname="com.tutorialsninja.qa.TestCases.RegisterTest" name="verifyingRegisterWithMandatoryFields" time="2.232"/>
  <testcase classname="com.tutorialsninja.qa.TestCases.RegisterTest" name="verifyingRegisterWithAllFields" time="3.707"/>
  <testcase classname="com.tutorialsninja.qa.TestCases.RegisterTest" name="verifyingRegisterWithExistingEmail" time="1.333"/>
  <testcase classname="com.tutorialsninja.qa.TestCases.RegisterTest" name="verifyingRegisterWithMismatchPassword" time="1.101"/>
  <testcase classname="com.tutorialsninja.qa.TestCases.RegisterTest" name="verifyingRegisterWithNoFields" time="0.734"/>
  <testcase classname="com.tutorialsninja.qa.TestCases.LoginTest" name="verifyLoginWithValidCredentials" time="1.147"/>
  <testcase classname="com.tutorialsninja.qa.TestCases.LoginTest" name="verifyLoginWithValidCredentials" time="1.376"/>
  <testcase classname="com.tutorialsninja.qa.TestCases.LoginTest" name="verifyLoginWithValidCredentials" time="1.009"/>
  <testcase classname="com.tutorialsninja.qa.TestCases.LoginTest" name="verifyLoginWithValidCredentials" time="1.318"/>
  <testcase classname="com.tutorialsninja.qa.TestCases.LoginTest" name="verifyLoginWithValidCredentials" time="1.011"/>
  <testcase classname="com.tutorialsninja.qa.TestCases.LoginTest" name="verifyLoginWithValidCredentials" time="1.055"/>
  <testcase classname="com.tutorialsninja.qa.TestCases.LoginTest" name="verifyLoginWithValidCredentials" time="1.227"/>
  <testcase classname="com.tutorialsninja.qa.TestCases.LoginTest" name="verifyLoginWithValidCredentials" time="1.083"/>
  <testcase classname="com.tutorialsninja.qa.TestCases.LoginTest" name="VerifyLoginWithInvalidEmailValidPassword" time="1.017"/>
  <testcase classname="com.tutorialsninja.qa.TestCases.LoginTest" name="VerifyLoginWithValidEmailInvalidPassword" time="0.699"/>
  <testcase classname="com.tutorialsninja.qa.TestCases.LoginTest" name="VerifyLoginWithInvalidCredentials" time="0.916"/>
  <testcase classname="com.tutorialsninja.qa.TestCases.LoginTest" name="VerifyLoginWithNoCredentials" time="0.672"/>
  <testcase classname="com.tutorialsninja.qa.TestCases.SearchProductTest" name="verifySearchWithValidProduct" time="1.784"/>
  <testcase classname="com.tutorialsninja.qa.TestCases.SearchProductTest" name="verifySearchWithInvalidProduct" time="2.664"/>
  <testcase classname="com.tutorialsninja.qa.TestCases.SearchProductTest" name="verifySearchWithNoProduct" time="1.821"/>
  <testcase classname="com.tutorialsninja.qa.TestCases.AddToCartTest" name="checkingOutValidProduct" time="12.109"/>
</testsuite> <!-- Test -->
