<?xml version="1.0" encoding="UTF-8"?>
<testsuite xmlns:xsi="http://www.w3.org/2001/XMLSchema-instance" xsi:noNamespaceSchemaLocation="https://maven.apache.org/surefire/maven-surefire-plugin/xsd/surefire-test-report.xsd" name="TestSuite" time="142.978" tests="21" errors="0" skipped="0" failures="1">
  <properties>
[...]
</properties>
  <testcase name="checkingOutValidProduct" classname="com.tutorialsninja.qa.TestCases.AddToCartTest" time="10.813"/>
  <testcase name="verifyLoginWithValidCredentials" classname="com.tutorialsninja.qa.TestCases.LoginTest" time="1.132"/>
  <testcase name="verifyLoginWithValidCredentials" classname="com.tutorialsninja.qa.TestCases.LoginTest" time="1.203"/>
  <testcase name="verifyLoginWithValidCredentials" classname="com.tutorialsninja.qa.TestCases.LoginTest" time="1.184"/>
  <testcase name="verifyLoginWithValidCredentials" classname="com.tutorialsninja.qa.TestCases.LoginTest" time="1.086"/>
  <testcase name="verifyLoginWithValidCredentials" classname="com.tutorialsninja.qa.TestCases.LoginTest" time="1.151"/>
  <testcase name="verifyLoginWithValidCredentials" classname="com.tutorialsninja.qa.TestCases.LoginTest" time="1.186"/>
  <testcase name="verifyLoginWithValidCredentials" classname="com.tutorialsninja.qa.TestCases.LoginTest" time="1.168"/>
  <testcase name="verifyLoginWithValidCredentials" classname="com.tutorialsninja.qa.TestCases.LoginTest" time="1.024"/>
  <testcase name="VerifyLoginWithInvalidEmailValidPassword" classname="com.tutorialsninja.qa.TestCases.LoginTest" time="0.812"/>
  <testcase name="VerifyLoginWithValidEmailInvalidPassword" classname="com.tutorialsninja.qa.TestCases.LoginTest" time="0.78"/>
  <testcase name="VerifyLoginWithInvalidCredentials" classname="com.tutorialsninja.qa.TestCases.LoginTest" time="0.796"/>
  <testcase name="VerifyLoginWithNoCredentials" classname="com.tutorialsninja.qa.TestCases.LoginTest" time="0.591"/>
  <testcase name="verifyingRegisterWithMandatoryFields" classname="com.tutorialsninja.qa.TestCases.RegisterTest" time="1.556"/>
  <testcase name="verifyingRegisterWithAllFields" classname="com.tutorialsninja.qa.TestCases.RegisterTest" time="1.759"/>
  <testcase name="verifyingRegisterWithExistingEmail" classname="com.tutorialsninja.qa.TestCases.RegisterTest" time="1.167"/>
  <testcase name="verifyingRegisterWithMismatchPassword" classname="com.tutorialsninja.qa.TestCases.RegisterTest" time="1.225"/>
  <testcase name="verifyingRegisterWithNoFields" classname="com.tutorialsninja.qa.TestCases.RegisterTest" time="0.716"/>
  <testcase name="verifySearchWithValidProduct" classname="com.tutorialsninja.qa.TestCases.SearchProductTest" time="0.774">
    <failure message="expected [false] but found [true]" type="java.lang.AssertionError">java.lang.AssertionError: expected [false] but found [true]
	at com.tutorialsninja.qa.TestCases.SearchProductTest.verifySearchWithValidProduct(SearchProductTest.java:33)
</failure>
  </testcase>
  <testcase name="verifySearchWithInvalidProduct" classname="com.tutorialsninja.qa.TestCases.SearchProductTest" time="0.702"/>
  <testcase name="verifySearchWithNoProduct" classname="com.tutorialsninja.qa.TestCases.SearchProductTest" time="0.585"/>
</testsuite>