<?xml version="1.0" encoding="UTF-8"?>
<testng-results ignored="0" total="1" passed="1" failed="0" skipped="0">
  <reporter-output>
  </reporter-output>
  <suite started-at="2023-11-19T14:33:49 EST" name="Default suite" finished-at="2023-11-19T14:34:07 EST" duration-ms="17845">
    <groups>
    </groups>
    <test started-at="2023-11-19T14:33:49 EST" name="Default test" finished-at="2023-11-19T14:34:07 EST" duration-ms="17845">
      <class name="com.tutorialsninja.qa.TestCases.AddToCartTest">
        <test-method is-config="true" signature="setup()[pri:0, instance:com.tutorialsninja.qa.TestCases.AddToCartTest@52719fb6]" started-at="2023-11-19T14:33:49 EST" name="setup" finished-at="2023-11-19T14:33:55 EST" duration-ms="6388" status="PASS">
          <reporter-output>
          </reporter-output>
        </test-method> <!-- setup -->
        <test-method signature="checkingOutValidProduct()[pri:1, instance:com.tutorialsninja.qa.TestCases.AddToCartTest@52719fb6]" started-at="2023-11-19T14:33:55 EST" name="checkingOutValidProduct" finished-at="2023-11-19T14:34:07 EST" duration-ms="11137" status="PASS">
          <reporter-output>
          </reporter-output>
        </test-method> <!-- checkingOutValidProduct -->
        <test-method is-config="true" signature="tearDown()[pri:0, instance:com.tutorialsninja.qa.TestCases.AddToCartTest@52719fb6]" started-at="2023-11-19T14:34:07 EST" name="tearDown" finished-at="2023-11-19T14:34:07 EST" duration-ms="261" status="PASS">
          <reporter-output>
          </reporter-output>
        </test-method> <!-- tearDown -->
      </class> <!-- com.tutorialsninja.qa.TestCases.AddToCartTest -->
    </test> <!-- Default test -->
  </suite> <!-- Default suite -->
</testng-results>
